<?xml version="1.0" encoding="UTF-8"?>
<!-- Generated by org.testng.reporters.JUnitXMLReporter -->
<testsuite hostname="Oksanas-MBP.fios-router.home" ignored="2" name="Test" tests="3" failures="0" timestamp="2020-05-27T16:20:36 EDT" time="0.048" errors="0">
  <testcase name="test2" time="0.008" classname="com.class03.GroupDemo"/>
  <testcase name="test4" time="0.001" classname="com.class03.GroupDemo"/>
  <testcase name="test5" time="0.001" classname="com.class03.GroupDemo"/>
  <testcase name="test3" time="0.0" classname="com.class03.GroupDemo">
    <ignored/>
  </testcase> <!-- test3 -->
  <testcase name="test1" time="0.0" classname="com.class03.GroupDemo">
    <ignored/>
  </testcase> <!-- test1 -->
</testsuite> <!-- Test -->
