<?xml version="1.0" encoding="UTF-8"?>
<!-- Generated by org.testng.reporters.JUnitXMLReporter -->
<testsuite hostname="Oksanas-MBP.fios-router.home" ignored="0" name="Listener Test" tests="2" failures="1" timestamp="2020-05-27T21:57:38 EDT" time="0.036" errors="0">
  <testcase name="testOne" time="0.007" classname="com.class03.ListenerDemo"/>
  <testcase name="testTwo" time="0.001" classname="com.class03.ListenerDemo">
    <failure type="java.lang.AssertionError">
      <![CDATA[java.lang.AssertionError
at org.junit.Assert.fail(Assert.java:86)
at org.junit.Assert.assertTrue(Assert.java:41)
at org.junit.Assert.assertTrue(Assert.java:52)
at com.class03.ListenerDemo.testTwo(ListenerDemo.java:16)
at java.util.ArrayList.forEach(ArrayList.java:1257)
... Removed 27 stack frames]]>
    </failure>
  </testcase> <!-- testTwo -->
</testsuite> <!-- Listener Test -->
