<?xml version="1.0" encoding="UTF-8"?>
<testng-results skipped="0" failed="1" ignored="0" total="4" passed="3">
  <reporter-output>
  </reporter-output>
  <suite name="Sause Suite" duration-ms="49752" started-at="2020-05-28T21:24:25 EDT" finished-at="2020-05-28T21:25:15 EDT">
    <groups>
      <group name="sprint">
        <method signature="sauceDemoLoginTest.loginToSauceDemo(java.lang.String, java.lang.String)[pri:0, instance:com.class04.sauceDemoLoginTest@5f282abb]" name="loginToSauceDemo" class="com.class04.sauceDemoLoginTest"/>
      </group> <!-- sprint -->
    </groups>
    <test name="Sause Test" duration-ms="49752" started-at="2020-05-28T21:24:25 EDT" finished-at="2020-05-28T21:25:15 EDT">
      <class name="com.class04.sauceDemoLoginTest">
        <test-method status="PASS" signature="setUp()[pri:0, instance:com.class04.sauceDemoLoginTest@5f282abb]" name="setUp" is-config="true" duration-ms="2719" started-at="2020-05-28T21:24:25 EDT" finished-at="2020-05-28T21:24:28 EDT">
          <reporter-output>
          </reporter-output>
        </test-method> <!-- setUp -->
        <test-method status="PASS" signature="loginToSauceDemo(java.lang.String, java.lang.String)[pri:0, instance:com.class04.sauceDemoLoginTest@5f282abb]" name="loginToSauceDemo" duration-ms="5944" started-at="2020-05-28T21:24:28 EDT" data-provider="dataProvider" finished-at="2020-05-28T21:24:34 EDT">
          <params>
            <param index="0">
              <value>
                <![CDATA[standard_user]]>
              </value>
            </param>
            <param index="1">
              <value>
                <![CDATA[secret_sauce]]>
              </value>
            </param>
          </params>
          <reporter-output>
          </reporter-output>
        </test-method> <!-- loginToSauceDemo -->
        <test-method status="PASS" signature="tearDown()[pri:0, instance:com.class04.sauceDemoLoginTest@5f282abb]" name="tearDown" is-config="true" duration-ms="81" started-at="2020-05-28T21:24:34 EDT" finished-at="2020-05-28T21:24:34 EDT">
          <reporter-output>
          </reporter-output>
        </test-method> <!-- tearDown -->
        <test-method status="PASS" signature="setUp()[pri:0, instance:com.class04.sauceDemoLoginTest@5f282abb]" name="setUp" is-config="true" duration-ms="1046" started-at="2020-05-28T21:24:34 EDT" finished-at="2020-05-28T21:24:35 EDT">
          <reporter-output>
          </reporter-output>
        </test-method> <!-- setUp -->
        <test-method status="PASS" signature="loginToSauceDemo(java.lang.String, java.lang.String)[pri:0, instance:com.class04.sauceDemoLoginTest@5f282abb]" name="loginToSauceDemo" duration-ms="5524" started-at="2020-05-28T21:24:35 EDT" data-provider="dataProvider" finished-at="2020-05-28T21:24:40 EDT">
          <params>
            <param index="0">
              <value>
                <![CDATA[problem_user]]>
              </value>
            </param>
            <param index="1">
              <value>
                <![CDATA[secret_sauce]]>
              </value>
            </param>
          </params>
          <reporter-output>
          </reporter-output>
        </test-method> <!-- loginToSauceDemo -->
        <test-method status="PASS" signature="tearDown()[pri:0, instance:com.class04.sauceDemoLoginTest@5f282abb]" name="tearDown" is-config="true" duration-ms="88" started-at="2020-05-28T21:24:40 EDT" finished-at="2020-05-28T21:24:40 EDT">
          <reporter-output>
          </reporter-output>
        </test-method> <!-- tearDown -->
        <test-method status="PASS" signature="setUp()[pri:0, instance:com.class04.sauceDemoLoginTest@5f282abb]" name="setUp" is-config="true" duration-ms="1014" started-at="2020-05-28T21:24:40 EDT" finished-at="2020-05-28T21:24:41 EDT">
          <reporter-output>
          </reporter-output>
        </test-method> <!-- setUp -->
        <test-method status="FAIL" signature="loginToSauceDemo(java.lang.String, java.lang.String)[pri:0, instance:com.class04.sauceDemoLoginTest@5f282abb]" name="loginToSauceDemo" duration-ms="19727" started-at="2020-05-28T21:24:41 EDT" data-provider="dataProvider" finished-at="2020-05-28T21:25:01 EDT">
          <params>
            <param index="0">
              <value>
                <![CDATA[locked_out_user]]>
              </value>
            </param>
            <param index="1">
              <value>
                <![CDATA[secret_sauce]]>
              </value>
            </param>
          </params>
          <exception class="org.openqa.selenium.NoSuchElementException">
            <message>
              <![CDATA[Cannot locate an element using xpath=//div[@class='app_logo']
For documentation on this error, please visit: https://www.seleniumhq.org/exceptions/no_such_element.html
Build info: version: '3.141.59', revision: 'e82be7d358', time: '2018-11-14T08:25:48'
System info: host: 'Oksanas-MBP.fios-router.home', ip: 'fe80:0:0:0:54:9ede:de9c:309%en0', os.name: 'Mac OS X', os.arch: 'x86_64', os.version: '10.14.6', java.version: '1.8.0_241'
Driver info: driver.version: RemoteWebDriver]]>
            </message>
            <full-stacktrace>
              <![CDATA[org.openqa.selenium.NoSuchElementException: Cannot locate an element using xpath=//div[@class='app_logo']
For documentation on this error, please visit: https://www.seleniumhq.org/exceptions/no_such_element.html
Build info: version: '3.141.59', revision: 'e82be7d358', time: '2018-11-14T08:25:48'
System info: host: 'Oksanas-MBP.fios-router.home', ip: 'fe80:0:0:0:54:9ede:de9c:309%en0', os.name: 'Mac OS X', os.arch: 'x86_64', os.version: '10.14.6', java.version: '1.8.0_241'
Driver info: driver.version: RemoteWebDriver
at org.openqa.selenium.remote.RemoteWebDriver.findElement(RemoteWebDriver.java:327)
at org.openqa.selenium.remote.RemoteWebDriver.findElementByXPath(RemoteWebDriver.java:428)
at org.openqa.selenium.By$ByXPath.findElement(By.java:353)
at org.openqa.selenium.remote.RemoteWebDriver.findElement(RemoteWebDriver.java:315)
at org.openqa.selenium.support.pagefactory.DefaultElementLocator.findElement(DefaultElementLocator.java:69)
at org.openqa.selenium.support.pagefactory.internal.LocatingElementHandler.invoke(LocatingElementHandler.java:38)
at com.sun.proxy.$Proxy10.isDisplayed(Unknown Source)
at com.class04.sauceDemoLoginTest.loginToSauceDemo(sauceDemoLoginTest.java:19)
at sun.reflect.NativeMethodAccessorImpl.invoke0(Native Method)
at sun.reflect.NativeMethodAccessorImpl.invoke(NativeMethodAccessorImpl.java:62)
at sun.reflect.DelegatingMethodAccessorImpl.invoke(DelegatingMethodAccessorImpl.java:43)
at java.lang.reflect.Method.invoke(Method.java:498)
at org.testng.internal.MethodInvocationHelper.invokeMethod(MethodInvocationHelper.java:135)
at org.testng.internal.TestInvoker.invokeMethod(TestInvoker.java:598)
at org.testng.internal.TestInvoker.invokeTestMethod(TestInvoker.java:174)
at org.testng.internal.MethodRunner.runInSequence(MethodRunner.java:46)
at org.testng.internal.TestInvoker$MethodInvocationAgent.invoke(TestInvoker.java:821)
at org.testng.internal.TestInvoker.invokeTestMethods(TestInvoker.java:147)
at org.testng.internal.TestMethodWorker.invokeTestMethods(TestMethodWorker.java:146)
at org.testng.internal.TestMethodWorker.run(TestMethodWorker.java:128)
at java.util.ArrayList.forEach(ArrayList.java:1257)
at org.testng.TestRunner.privateRun(TestRunner.java:767)
at org.testng.TestRunner.run(TestRunner.java:588)
at org.testng.SuiteRunner.runTest(SuiteRunner.java:384)
at org.testng.SuiteRunner.runSequentially(SuiteRunner.java:378)
at org.testng.SuiteRunner.privateRun(SuiteRunner.java:337)
at org.testng.SuiteRunner.run(SuiteRunner.java:286)
at org.testng.SuiteRunnerWorker.runSuite(SuiteRunnerWorker.java:53)
at org.testng.SuiteRunnerWorker.run(SuiteRunnerWorker.java:96)
at org.testng.TestNG.runSuitesSequentially(TestNG.java:1214)
at org.testng.TestNG.runSuitesLocally(TestNG.java:1136)
at org.testng.TestNG.runSuites(TestNG.java:1066)
at org.testng.TestNG.run(TestNG.java:1034)
at org.testng.remote.AbstractRemoteTestNG.run(AbstractRemoteTestNG.java:115)
at org.testng.remote.RemoteTestNG.initAndRun(RemoteTestNG.java:251)
at org.testng.remote.RemoteTestNG.main(RemoteTestNG.java:77)
]]>
            </full-stacktrace>
          </exception> <!-- org.openqa.selenium.NoSuchElementException -->
          <reporter-output>
          </reporter-output>
        </test-method> <!-- loginToSauceDemo -->
        <test-method status="PASS" signature="tearDown()[pri:0, instance:com.class04.sauceDemoLoginTest@5f282abb]" name="tearDown" is-config="true" duration-ms="81" started-at="2020-05-28T21:25:01 EDT" finished-at="2020-05-28T21:25:01 EDT">
          <reporter-output>
          </reporter-output>
        </test-method> <!-- tearDown -->
        <test-method status="PASS" signature="setUp()[pri:0, instance:com.class04.sauceDemoLoginTest@5f282abb]" name="setUp" is-config="true" duration-ms="1809" started-at="2020-05-28T21:25:01 EDT" finished-at="2020-05-28T21:25:03 EDT">
          <reporter-output>
          </reporter-output>
        </test-method> <!-- setUp -->
        <test-method status="PASS" signature="loginToSauceDemo(java.lang.String, java.lang.String)[pri:0, instance:com.class04.sauceDemoLoginTest@5f282abb]" name="loginToSauceDemo" duration-ms="11579" started-at="2020-05-28T21:25:03 EDT" data-provider="dataProvider" finished-at="2020-05-28T21:25:15 EDT">
          <params>
            <param index="0">
              <value>
                <![CDATA[performance_glitch_user]]>
              </value>
            </param>
            <param index="1">
              <value>
                <![CDATA[secret_sauce]]>
              </value>
            </param>
          </params>
          <reporter-output>
          </reporter-output>
        </test-method> <!-- loginToSauceDemo -->
        <test-method status="PASS" signature="tearDown()[pri:0, instance:com.class04.sauceDemoLoginTest@5f282abb]" name="tearDown" is-config="true" duration-ms="95" started-at="2020-05-28T21:25:15 EDT" finished-at="2020-05-28T21:25:15 EDT">
          <reporter-output>
          </reporter-output>
        </test-method> <!-- tearDown -->
      </class> <!-- com.class04.sauceDemoLoginTest -->
    </test> <!-- Sause Test -->
  </suite> <!-- Sause Suite -->
</testng-results>
